Calling target program-options parser
[06:43:23.396] [bmv2] [D] [thread 2706] Set default default entry for table 'MyIngress.ipv4_lpm': NoAction - 
[06:43:23.397] [bmv2] [D] [thread 2706] Set default default entry for table 'MyEgress.swtrace': NoAction - 
Adding interface s3-eth1 as port 1
[06:43:23.397] [bmv2] [D] [thread 2706] Adding interface s3-eth1 as port 1
Adding interface s3-eth2 as port 2
[06:43:23.436] [bmv2] [D] [thread 2706] Adding interface s3-eth2 as port 2
Adding interface s3-eth3 as port 3
[06:43:23.484] [bmv2] [D] [thread 2706] Adding interface s3-eth3 as port 3
Server listening on 0.0.0.0:50053
[06:43:23.518] [bmv2] [I] [thread 2706] Starting Thrift server on port 9092
[06:43:23.519] [bmv2] [I] [thread 2706] Thrift server was started
[06:43:23.590] [bmv2] [D] [thread 2716] [0.0] [cxt 0] Processing packet received on port 3
[06:43:23.590] [bmv2] [D] [thread 2716] [0.0] [cxt 0] Parser 'parser': start
[06:43:23.590] [bmv2] [D] [thread 2716] [0.0] [cxt 0] Parser 'parser' entering state 'start'
[06:43:23.590] [bmv2] [D] [thread 2716] [0.0] [cxt 0] Extracting header 'ethernet'
[06:43:23.590] [bmv2] [D] [thread 2716] [0.0] [cxt 0] Parser state 'start': key is 86dd
[06:43:23.590] [bmv2] [T] [thread 2716] [0.0] [cxt 0] Bytes parsed: 14
[06:43:23.590] [bmv2] [D] [thread 2716] [0.0] [cxt 0] Parser 'parser': end
[06:43:23.590] [bmv2] [D] [thread 2716] [0.0] [cxt 0] Pipeline 'ingress': start
[06:43:23.590] [bmv2] [T] [thread 2716] [0.0] [cxt 0] mri.p4(202) Condition "hdr.ipv4.isValid()" (node_2) is false
[06:43:23.590] [bmv2] [D] [thread 2716] [0.0] [cxt 0] Pipeline 'ingress': end
[06:43:23.590] [bmv2] [D] [thread 2716] [0.0] [cxt 0] Egress port is 0
[06:43:23.590] [bmv2] [D] [thread 2716] [1.0] [cxt 0] Processing packet received on port 3
[06:43:23.590] [bmv2] [D] [thread 2716] [1.0] [cxt 0] Parser 'parser': start
[06:43:23.590] [bmv2] [D] [thread 2716] [1.0] [cxt 0] Parser 'parser' entering state 'start'
[06:43:23.590] [bmv2] [D] [thread 2716] [1.0] [cxt 0] Extracting header 'ethernet'
[06:43:23.590] [bmv2] [D] [thread 2716] [1.0] [cxt 0] Parser state 'start': key is 86dd
[06:43:23.590] [bmv2] [T] [thread 2716] [1.0] [cxt 0] Bytes parsed: 14
[06:43:23.590] [bmv2] [D] [thread 2716] [1.0] [cxt 0] Parser 'parser': end
[06:43:23.590] [bmv2] [D] [thread 2716] [1.0] [cxt 0] Pipeline 'ingress': start
[06:43:23.590] [bmv2] [T] [thread 2716] [1.0] [cxt 0] mri.p4(202) Condition "hdr.ipv4.isValid()" (node_2) is false
[06:43:23.590] [bmv2] [D] [thread 2716] [1.0] [cxt 0] Pipeline 'ingress': end
[06:43:23.590] [bmv2] [D] [thread 2716] [1.0] [cxt 0] Egress port is 0
[06:43:23.590] [bmv2] [D] [thread 2717] [0.0] [cxt 0] Pipeline 'egress': start
[06:43:23.591] [bmv2] [T] [thread 2717] [0.0] [cxt 0] mri.p4(251) Condition "hdr.mri.isValid()" (node_6) is false
[06:43:23.591] [bmv2] [D] [thread 2717] [0.0] [cxt 0] Pipeline 'egress': end
[06:43:23.591] [bmv2] [D] [thread 2717] [0.0] [cxt 0] Deparser 'deparser': start
[06:43:23.591] [bmv2] [T] [thread 2717] [0.0] [cxt 0] Skipping checksum 'cksum' update because condition not met
[06:43:23.591] [bmv2] [D] [thread 2717] [0.0] [cxt 0] Deparsing header 'ethernet'
[06:43:23.591] [bmv2] [D] [thread 2717] [0.0] [cxt 0] Deparser 'deparser': end
[06:43:23.591] [bmv2] [D] [thread 2717] [1.0] [cxt 0] Pipeline 'egress': start
[06:43:23.591] [bmv2] [T] [thread 2717] [1.0] [cxt 0] mri.p4(251) Condition "hdr.mri.isValid()" (node_6) is false
[06:43:23.591] [bmv2] [D] [thread 2717] [1.0] [cxt 0] Pipeline 'egress': end
[06:43:23.591] [bmv2] [D] [thread 2717] [1.0] [cxt 0] Deparser 'deparser': start
[06:43:23.591] [bmv2] [T] [thread 2717] [1.0] [cxt 0] Skipping checksum 'cksum' update because condition not met
[06:43:23.591] [bmv2] [D] [thread 2717] [1.0] [cxt 0] Deparsing header 'ethernet'
[06:43:23.591] [bmv2] [D] [thread 2717] [1.0] [cxt 0] Deparser 'deparser': end
[06:43:23.591] [bmv2] [D] [thread 2721] [0.0] [cxt 0] Transmitting packet of size 90 out of port 0
[06:43:23.591] [bmv2] [D] [thread 2721] [1.0] [cxt 0] Transmitting packet of size 70 out of port 0
[06:43:23.650] [bmv2] [D] [thread 2716] [2.0] [cxt 0] Processing packet received on port 2
[06:43:23.650] [bmv2] [D] [thread 2716] [2.0] [cxt 0] Parser 'parser': start
[06:43:23.650] [bmv2] [D] [thread 2716] [2.0] [cxt 0] Parser 'parser' entering state 'start'
[06:43:23.650] [bmv2] [D] [thread 2716] [2.0] [cxt 0] Extracting header 'ethernet'
[06:43:23.650] [bmv2] [D] [thread 2716] [2.0] [cxt 0] Parser state 'start': key is 86dd
[06:43:23.650] [bmv2] [T] [thread 2716] [2.0] [cxt 0] Bytes parsed: 14
[06:43:23.650] [bmv2] [D] [thread 2716] [2.0] [cxt 0] Parser 'parser': end
[06:43:23.650] [bmv2] [D] [thread 2716] [2.0] [cxt 0] Pipeline 'ingress': start
[06:43:23.650] [bmv2] [T] [thread 2716] [2.0] [cxt 0] mri.p4(202) Condition "hdr.ipv4.isValid()" (node_2) is false
[06:43:23.650] [bmv2] [D] [thread 2716] [2.0] [cxt 0] Pipeline 'ingress': end
[06:43:23.650] [bmv2] [D] [thread 2716] [2.0] [cxt 0] Egress port is 0
[06:43:23.650] [bmv2] [D] [thread 2717] [2.0] [cxt 0] Pipeline 'egress': start
[06:43:23.650] [bmv2] [T] [thread 2717] [2.0] [cxt 0] mri.p4(251) Condition "hdr.mri.isValid()" (node_6) is false
[06:43:23.650] [bmv2] [D] [thread 2717] [2.0] [cxt 0] Pipeline 'egress': end
[06:43:23.650] [bmv2] [D] [thread 2717] [2.0] [cxt 0] Deparser 'deparser': start
[06:43:23.650] [bmv2] [T] [thread 2717] [2.0] [cxt 0] Skipping checksum 'cksum' update because condition not met
[06:43:23.650] [bmv2] [D] [thread 2717] [2.0] [cxt 0] Deparsing header 'ethernet'
[06:43:23.650] [bmv2] [D] [thread 2717] [2.0] [cxt 0] Deparser 'deparser': end
[06:43:23.650] [bmv2] [D] [thread 2721] [2.0] [cxt 0] Transmitting packet of size 90 out of port 0
[06:43:23.650] [bmv2] [D] [thread 2716] [3.0] [cxt 0] Processing packet received on port 2
[06:43:23.650] [bmv2] [D] [thread 2716] [3.0] [cxt 0] Parser 'parser': start
[06:43:23.650] [bmv2] [D] [thread 2716] [3.0] [cxt 0] Parser 'parser' entering state 'start'
[06:43:23.650] [bmv2] [D] [thread 2716] [3.0] [cxt 0] Extracting header 'ethernet'
[06:43:23.650] [bmv2] [D] [thread 2716] [3.0] [cxt 0] Parser state 'start': key is 86dd
[06:43:23.650] [bmv2] [T] [thread 2716] [3.0] [cxt 0] Bytes parsed: 14
[06:43:23.650] [bmv2] [D] [thread 2716] [3.0] [cxt 0] Parser 'parser': end
[06:43:23.650] [bmv2] [D] [thread 2716] [3.0] [cxt 0] Pipeline 'ingress': start
[06:43:23.650] [bmv2] [T] [thread 2716] [3.0] [cxt 0] mri.p4(202) Condition "hdr.ipv4.isValid()" (node_2) is false
[06:43:23.650] [bmv2] [D] [thread 2716] [3.0] [cxt 0] Pipeline 'ingress': end
[06:43:23.650] [bmv2] [D] [thread 2716] [3.0] [cxt 0] Egress port is 0
[06:43:23.650] [bmv2] [D] [thread 2717] [3.0] [cxt 0] Pipeline 'egress': start
[06:43:23.650] [bmv2] [T] [thread 2717] [3.0] [cxt 0] mri.p4(251) Condition "hdr.mri.isValid()" (node_6) is false
[06:43:23.650] [bmv2] [D] [thread 2717] [3.0] [cxt 0] Pipeline 'egress': end
[06:43:23.650] [bmv2] [D] [thread 2717] [3.0] [cxt 0] Deparser 'deparser': start
[06:43:23.650] [bmv2] [T] [thread 2717] [3.0] [cxt 0] Skipping checksum 'cksum' update because condition not met
[06:43:23.650] [bmv2] [D] [thread 2717] [3.0] [cxt 0] Deparsing header 'ethernet'
[06:43:23.650] [bmv2] [D] [thread 2717] [3.0] [cxt 0] Deparser 'deparser': end
[06:43:23.650] [bmv2] [D] [thread 2721] [3.0] [cxt 0] Transmitting packet of size 70 out of port 0
[06:43:23.743] [bmv2] [D] [thread 2716] [4.0] [cxt 0] Processing packet received on port 1
[06:43:23.743] [bmv2] [D] [thread 2716] [4.0] [cxt 0] Parser 'parser': start
[06:43:23.743] [bmv2] [D] [thread 2716] [4.0] [cxt 0] Parser 'parser' entering state 'start'
[06:43:23.743] [bmv2] [D] [thread 2716] [4.0] [cxt 0] Extracting header 'ethernet'
[06:43:23.743] [bmv2] [D] [thread 2716] [4.0] [cxt 0] Parser state 'start': key is 86dd
[06:43:23.743] [bmv2] [T] [thread 2716] [4.0] [cxt 0] Bytes parsed: 14
[06:43:23.743] [bmv2] [D] [thread 2716] [4.0] [cxt 0] Parser 'parser': end
[06:43:23.743] [bmv2] [D] [thread 2716] [4.0] [cxt 0] Pipeline 'ingress': start
[06:43:23.743] [bmv2] [T] [thread 2716] [4.0] [cxt 0] mri.p4(202) Condition "hdr.ipv4.isValid()" (node_2) is false
[06:43:23.743] [bmv2] [D] [thread 2716] [4.0] [cxt 0] Pipeline 'ingress': end
[06:43:23.743] [bmv2] [D] [thread 2716] [4.0] [cxt 0] Egress port is 0
[06:43:23.743] [bmv2] [D] [thread 2717] [4.0] [cxt 0] Pipeline 'egress': start
[06:43:23.743] [bmv2] [T] [thread 2717] [4.0] [cxt 0] mri.p4(251) Condition "hdr.mri.isValid()" (node_6) is false
[06:43:23.743] [bmv2] [D] [thread 2717] [4.0] [cxt 0] Pipeline 'egress': end
[06:43:23.743] [bmv2] [D] [thread 2717] [4.0] [cxt 0] Deparser 'deparser': start
[06:43:23.743] [bmv2] [T] [thread 2717] [4.0] [cxt 0] Skipping checksum 'cksum' update because condition not met
[06:43:23.743] [bmv2] [D] [thread 2717] [4.0] [cxt 0] Deparsing header 'ethernet'
[06:43:23.743] [bmv2] [D] [thread 2717] [4.0] [cxt 0] Deparser 'deparser': end
[06:43:23.743] [bmv2] [D] [thread 2721] [4.0] [cxt 0] Transmitting packet of size 90 out of port 0
[06:43:23.813] [bmv2] [D] [thread 2716] [5.0] [cxt 0] Processing packet received on port 2
[06:43:23.813] [bmv2] [D] [thread 2716] [5.0] [cxt 0] Parser 'parser': start
[06:43:23.813] [bmv2] [D] [thread 2716] [5.0] [cxt 0] Parser 'parser' entering state 'start'
[06:43:23.813] [bmv2] [D] [thread 2716] [5.0] [cxt 0] Extracting header 'ethernet'
[06:43:23.813] [bmv2] [D] [thread 2716] [5.0] [cxt 0] Parser state 'start': key is 86dd
[06:43:23.813] [bmv2] [T] [thread 2716] [5.0] [cxt 0] Bytes parsed: 14
[06:43:23.813] [bmv2] [D] [thread 2716] [5.0] [cxt 0] Parser 'parser': end
[06:43:23.813] [bmv2] [D] [thread 2716] [5.0] [cxt 0] Pipeline 'ingress': start
[06:43:23.813] [bmv2] [T] [thread 2716] [5.0] [cxt 0] mri.p4(202) Condition "hdr.ipv4.isValid()" (node_2) is false
[06:43:23.813] [bmv2] [D] [thread 2716] [5.0] [cxt 0] Pipeline 'ingress': end
[06:43:23.813] [bmv2] [D] [thread 2716] [5.0] [cxt 0] Egress port is 0
[06:43:23.814] [bmv2] [D] [thread 2717] [5.0] [cxt 0] Pipeline 'egress': start
[06:43:23.814] [bmv2] [T] [thread 2717] [5.0] [cxt 0] mri.p4(251) Condition "hdr.mri.isValid()" (node_6) is false
[06:43:23.814] [bmv2] [D] [thread 2717] [5.0] [cxt 0] Pipeline 'egress': end
[06:43:23.814] [bmv2] [D] [thread 2717] [5.0] [cxt 0] Deparser 'deparser': start
[06:43:23.814] [bmv2] [T] [thread 2717] [5.0] [cxt 0] Skipping checksum 'cksum' update because condition not met
[06:43:23.814] [bmv2] [D] [thread 2717] [5.0] [cxt 0] Deparsing header 'ethernet'
[06:43:23.814] [bmv2] [D] [thread 2717] [5.0] [cxt 0] Deparser 'deparser': end
[06:43:23.814] [bmv2] [D] [thread 2721] [5.0] [cxt 0] Transmitting packet of size 90 out of port 0
[06:43:23.814] [bmv2] [D] [thread 2716] [6.0] [cxt 0] Processing packet received on port 2
[06:43:23.814] [bmv2] [D] [thread 2716] [6.0] [cxt 0] Parser 'parser': start
[06:43:23.814] [bmv2] [D] [thread 2716] [6.0] [cxt 0] Parser 'parser' entering state 'start'
[06:43:23.814] [bmv2] [D] [thread 2716] [6.0] [cxt 0] Extracting header 'ethernet'
[06:43:23.814] [bmv2] [D] [thread 2716] [6.0] [cxt 0] Parser state 'start': key is 86dd
[06:43:23.814] [bmv2] [T] [thread 2716] [6.0] [cxt 0] Bytes parsed: 14
[06:43:23.814] [bmv2] [D] [thread 2716] [6.0] [cxt 0] Parser 'parser': end
[06:43:23.814] [bmv2] [D] [thread 2716] [6.0] [cxt 0] Pipeline 'ingress': start
[06:43:23.814] [bmv2] [T] [thread 2716] [6.0] [cxt 0] mri.p4(202) Condition "hdr.ipv4.isValid()" (node_2) is false
[06:43:23.814] [bmv2] [D] [thread 2716] [6.0] [cxt 0] Pipeline 'ingress': end
[06:43:23.814] [bmv2] [D] [thread 2716] [6.0] [cxt 0] Egress port is 0
[06:43:23.814] [bmv2] [D] [thread 2717] [6.0] [cxt 0] Pipeline 'egress': start
[06:43:23.814] [bmv2] [T] [thread 2717] [6.0] [cxt 0] mri.p4(251) Condition "hdr.mri.isValid()" (node_6) is false
[06:43:23.814] [bmv2] [D] [thread 2717] [6.0] [cxt 0] Pipeline 'egress': end
[06:43:23.814] [bmv2] [D] [thread 2717] [6.0] [cxt 0] Deparser 'deparser': start
[06:43:23.814] [bmv2] [T] [thread 2717] [6.0] [cxt 0] Skipping checksum 'cksum' update because condition not met
[06:43:23.814] [bmv2] [D] [thread 2717] [6.0] [cxt 0] Deparsing header 'ethernet'
[06:43:23.814] [bmv2] [D] [thread 2717] [6.0] [cxt 0] Deparser 'deparser': end
[06:43:23.814] [bmv2] [D] [thread 2721] [6.0] [cxt 0] Transmitting packet of size 70 out of port 0
[06:43:24.035] [bmv2] [D] [thread 2716] [7.0] [cxt 0] Processing packet received on port 3
[06:43:24.035] [bmv2] [D] [thread 2716] [7.0] [cxt 0] Parser 'parser': start
[06:43:24.035] [bmv2] [D] [thread 2716] [7.0] [cxt 0] Parser 'parser' entering state 'start'
[06:43:24.035] [bmv2] [D] [thread 2716] [7.0] [cxt 0] Extracting header 'ethernet'
[06:43:24.035] [bmv2] [D] [thread 2716] [7.0] [cxt 0] Parser state 'start': key is 86dd
[06:43:24.035] [bmv2] [T] [thread 2716] [7.0] [cxt 0] Bytes parsed: 14
[06:43:24.035] [bmv2] [D] [thread 2716] [7.0] [cxt 0] Parser 'parser': end
[06:43:24.035] [bmv2] [D] [thread 2716] [7.0] [cxt 0] Pipeline 'ingress': start
[06:43:24.035] [bmv2] [T] [thread 2716] [7.0] [cxt 0] mri.p4(202) Condition "hdr.ipv4.isValid()" (node_2) is false
[06:43:24.035] [bmv2] [D] [thread 2716] [7.0] [cxt 0] Pipeline 'ingress': end
[06:43:24.035] [bmv2] [D] [thread 2716] [7.0] [cxt 0] Egress port is 0
[06:43:24.035] [bmv2] [D] [thread 2716] [8.0] [cxt 0] Processing packet received on port 3
[06:43:24.035] [bmv2] [D] [thread 2716] [8.0] [cxt 0] Parser 'parser': start
[06:43:24.035] [bmv2] [D] [thread 2716] [8.0] [cxt 0] Parser 'parser' entering state 'start'
[06:43:24.035] [bmv2] [D] [thread 2716] [8.0] [cxt 0] Extracting header 'ethernet'
[06:43:24.035] [bmv2] [D] [thread 2716] [8.0] [cxt 0] Parser state 'start': key is 86dd
[06:43:24.035] [bmv2] [T] [thread 2716] [8.0] [cxt 0] Bytes parsed: 14
[06:43:24.035] [bmv2] [D] [thread 2716] [8.0] [cxt 0] Parser 'parser': end
[06:43:24.035] [bmv2] [D] [thread 2716] [8.0] [cxt 0] Pipeline 'ingress': start
[06:43:24.035] [bmv2] [T] [thread 2716] [8.0] [cxt 0] mri.p4(202) Condition "hdr.ipv4.isValid()" (node_2) is false
[06:43:24.036] [bmv2] [D] [thread 2716] [8.0] [cxt 0] Pipeline 'ingress': end
[06:43:24.036] [bmv2] [D] [thread 2716] [8.0] [cxt 0] Egress port is 0
[06:43:24.036] [bmv2] [D] [thread 2717] [7.0] [cxt 0] Pipeline 'egress': start
[06:43:24.036] [bmv2] [T] [thread 2717] [7.0] [cxt 0] mri.p4(251) Condition "hdr.mri.isValid()" (node_6) is false
[06:43:24.036] [bmv2] [D] [thread 2717] [7.0] [cxt 0] Pipeline 'egress': end
[06:43:24.036] [bmv2] [D] [thread 2717] [7.0] [cxt 0] Deparser 'deparser': start
[06:43:24.036] [bmv2] [T] [thread 2717] [7.0] [cxt 0] Skipping checksum 'cksum' update because condition not met
[06:43:24.036] [bmv2] [D] [thread 2717] [7.0] [cxt 0] Deparsing header 'ethernet'
[06:43:24.036] [bmv2] [D] [thread 2717] [7.0] [cxt 0] Deparser 'deparser': end
[06:43:24.036] [bmv2] [D] [thread 2717] [8.0] [cxt 0] Pipeline 'egress': start
[06:43:24.036] [bmv2] [T] [thread 2717] [8.0] [cxt 0] mri.p4(251) Condition "hdr.mri.isValid()" (node_6) is false
[06:43:24.036] [bmv2] [D] [thread 2717] [8.0] [cxt 0] Pipeline 'egress': end
[06:43:24.036] [bmv2] [D] [thread 2717] [8.0] [cxt 0] Deparser 'deparser': start
[06:43:24.036] [bmv2] [T] [thread 2717] [8.0] [cxt 0] Skipping checksum 'cksum' update because condition not met
[06:43:24.036] [bmv2] [D] [thread 2717] [8.0] [cxt 0] Deparsing header 'ethernet'
[06:43:24.036] [bmv2] [D] [thread 2717] [8.0] [cxt 0] Deparser 'deparser': end
[06:43:24.037] [bmv2] [D] [thread 2721] [7.0] [cxt 0] Transmitting packet of size 90 out of port 0
[06:43:24.037] [bmv2] [D] [thread 2721] [8.0] [cxt 0] Transmitting packet of size 70 out of port 0
[06:43:24.128] [bmv2] [D] [thread 2716] [9.0] [cxt 0] Processing packet received on port 3
[06:43:24.128] [bmv2] [D] [thread 2716] [9.0] [cxt 0] Parser 'parser': start
[06:43:24.128] [bmv2] [D] [thread 2716] [9.0] [cxt 0] Parser 'parser' entering state 'start'
[06:43:24.128] [bmv2] [D] [thread 2716] [9.0] [cxt 0] Extracting header 'ethernet'
[06:43:24.128] [bmv2] [D] [thread 2716] [9.0] [cxt 0] Parser state 'start': key is 86dd
[06:43:24.128] [bmv2] [T] [thread 2716] [9.0] [cxt 0] Bytes parsed: 14
[06:43:24.128] [bmv2] [D] [thread 2716] [9.0] [cxt 0] Parser 'parser': end
[06:43:24.129] [bmv2] [D] [thread 2716] [9.0] [cxt 0] Pipeline 'ingress': start
[06:43:24.129] [bmv2] [T] [thread 2716] [9.0] [cxt 0] mri.p4(202) Condition "hdr.ipv4.isValid()" (node_2) is false
[06:43:24.129] [bmv2] [D] [thread 2716] [9.0] [cxt 0] Pipeline 'ingress': end
[06:43:24.129] [bmv2] [D] [thread 2716] [9.0] [cxt 0] Egress port is 0
[06:43:24.129] [bmv2] [D] [thread 2717] [9.0] [cxt 0] Pipeline 'egress': start
[06:43:24.129] [bmv2] [T] [thread 2717] [9.0] [cxt 0] mri.p4(251) Condition "hdr.mri.isValid()" (node_6) is false
[06:43:24.129] [bmv2] [D] [thread 2717] [9.0] [cxt 0] Pipeline 'egress': end
[06:43:24.129] [bmv2] [D] [thread 2717] [9.0] [cxt 0] Deparser 'deparser': start
[06:43:24.129] [bmv2] [T] [thread 2717] [9.0] [cxt 0] Skipping checksum 'cksum' update because condition not met
[06:43:24.129] [bmv2] [D] [thread 2717] [9.0] [cxt 0] Deparsing header 'ethernet'
[06:43:24.129] [bmv2] [D] [thread 2717] [9.0] [cxt 0] Deparser 'deparser': end
[06:43:24.129] [bmv2] [D] [thread 2721] [9.0] [cxt 0] Transmitting packet of size 90 out of port 0
[06:43:24.672] [bmv2] [D] [thread 2716] [10.0] [cxt 0] Processing packet received on port 2
[06:43:24.672] [bmv2] [D] [thread 2716] [10.0] [cxt 0] Parser 'parser': start
[06:43:24.672] [bmv2] [D] [thread 2716] [10.0] [cxt 0] Parser 'parser' entering state 'start'
[06:43:24.672] [bmv2] [D] [thread 2716] [10.0] [cxt 0] Extracting header 'ethernet'
[06:43:24.672] [bmv2] [D] [thread 2716] [10.0] [cxt 0] Parser state 'start': key is 86dd
[06:43:24.672] [bmv2] [T] [thread 2716] [10.0] [cxt 0] Bytes parsed: 14
[06:43:24.672] [bmv2] [D] [thread 2716] [10.0] [cxt 0] Parser 'parser': end
[06:43:24.672] [bmv2] [D] [thread 2716] [10.0] [cxt 0] Pipeline 'ingress': start
[06:43:24.672] [bmv2] [T] [thread 2716] [10.0] [cxt 0] mri.p4(202) Condition "hdr.ipv4.isValid()" (node_2) is false
[06:43:24.672] [bmv2] [D] [thread 2716] [10.0] [cxt 0] Pipeline 'ingress': end
[06:43:24.672] [bmv2] [D] [thread 2716] [10.0] [cxt 0] Egress port is 0
[06:43:24.673] [bmv2] [D] [thread 2717] [10.0] [cxt 0] Pipeline 'egress': start
[06:43:24.673] [bmv2] [T] [thread 2717] [10.0] [cxt 0] mri.p4(251) Condition "hdr.mri.isValid()" (node_6) is false
[06:43:24.673] [bmv2] [D] [thread 2717] [10.0] [cxt 0] Pipeline 'egress': end
[06:43:24.673] [bmv2] [D] [thread 2717] [10.0] [cxt 0] Deparser 'deparser': start
[06:43:24.673] [bmv2] [T] [thread 2717] [10.0] [cxt 0] Skipping checksum 'cksum' update because condition not met
[06:43:24.673] [bmv2] [D] [thread 2717] [10.0] [cxt 0] Deparsing header 'ethernet'
[06:43:24.673] [bmv2] [D] [thread 2717] [10.0] [cxt 0] Deparser 'deparser': end
[06:43:24.673] [bmv2] [D] [thread 2721] [10.0] [cxt 0] Transmitting packet of size 90 out of port 0
[06:43:24.704] [bmv2] [D] [thread 2716] [11.0] [cxt 0] Processing packet received on port 2
[06:43:24.704] [bmv2] [D] [thread 2716] [11.0] [cxt 0] Parser 'parser': start
[06:43:24.704] [bmv2] [D] [thread 2716] [11.0] [cxt 0] Parser 'parser' entering state 'start'
[06:43:24.704] [bmv2] [D] [thread 2716] [11.0] [cxt 0] Extracting header 'ethernet'
[06:43:24.704] [bmv2] [D] [thread 2716] [11.0] [cxt 0] Parser state 'start': key is 86dd
[06:43:24.704] [bmv2] [T] [thread 2716] [11.0] [cxt 0] Bytes parsed: 14
[06:43:24.704] [bmv2] [D] [thread 2716] [11.0] [cxt 0] Parser 'parser': end
[06:43:24.704] [bmv2] [D] [thread 2716] [11.0] [cxt 0] Pipeline 'ingress': start
[06:43:24.704] [bmv2] [T] [thread 2716] [11.0] [cxt 0] mri.p4(202) Condition "hdr.ipv4.isValid()" (node_2) is false
[06:43:24.704] [bmv2] [D] [thread 2716] [11.0] [cxt 0] Pipeline 'ingress': end
[06:43:24.704] [bmv2] [D] [thread 2716] [11.0] [cxt 0] Egress port is 0
[06:43:24.704] [bmv2] [D] [thread 2717] [11.0] [cxt 0] Pipeline 'egress': start
[06:43:24.704] [bmv2] [T] [thread 2717] [11.0] [cxt 0] mri.p4(251) Condition "hdr.mri.isValid()" (node_6) is false
[06:43:24.704] [bmv2] [D] [thread 2717] [11.0] [cxt 0] Pipeline 'egress': end
[06:43:24.704] [bmv2] [D] [thread 2717] [11.0] [cxt 0] Deparser 'deparser': start
[06:43:24.704] [bmv2] [T] [thread 2717] [11.0] [cxt 0] Skipping checksum 'cksum' update because condition not met
[06:43:24.704] [bmv2] [D] [thread 2717] [11.0] [cxt 0] Deparsing header 'ethernet'
[06:43:24.704] [bmv2] [D] [thread 2717] [11.0] [cxt 0] Deparser 'deparser': end
[06:43:24.704] [bmv2] [D] [thread 2721] [11.0] [cxt 0] Transmitting packet of size 90 out of port 0
[06:43:24.768] [bmv2] [D] [thread 2716] [12.0] [cxt 0] Processing packet received on port 3
[06:43:24.768] [bmv2] [D] [thread 2716] [12.0] [cxt 0] Parser 'parser': start
[06:43:24.768] [bmv2] [D] [thread 2716] [12.0] [cxt 0] Parser 'parser' entering state 'start'
[06:43:24.768] [bmv2] [D] [thread 2716] [12.0] [cxt 0] Extracting header 'ethernet'
[06:43:24.768] [bmv2] [D] [thread 2716] [12.0] [cxt 0] Parser state 'start': key is 86dd
[06:43:24.768] [bmv2] [T] [thread 2716] [12.0] [cxt 0] Bytes parsed: 14
[06:43:24.768] [bmv2] [D] [thread 2716] [12.0] [cxt 0] Parser 'parser': end
[06:43:24.768] [bmv2] [D] [thread 2716] [12.0] [cxt 0] Pipeline 'ingress': start
[06:43:24.768] [bmv2] [T] [thread 2716] [12.0] [cxt 0] mri.p4(202) Condition "hdr.ipv4.isValid()" (node_2) is false
[06:43:24.768] [bmv2] [D] [thread 2716] [12.0] [cxt 0] Pipeline 'ingress': end
[06:43:24.768] [bmv2] [D] [thread 2716] [12.0] [cxt 0] Egress port is 0
[06:43:24.768] [bmv2] [D] [thread 2717] [12.0] [cxt 0] Pipeline 'egress': start
[06:43:24.768] [bmv2] [T] [thread 2717] [12.0] [cxt 0] mri.p4(251) Condition "hdr.mri.isValid()" (node_6) is false
[06:43:24.768] [bmv2] [D] [thread 2717] [12.0] [cxt 0] Pipeline 'egress': end
[06:43:24.768] [bmv2] [D] [thread 2717] [12.0] [cxt 0] Deparser 'deparser': start
[06:43:24.768] [bmv2] [T] [thread 2717] [12.0] [cxt 0] Skipping checksum 'cksum' update because condition not met
[06:43:24.768] [bmv2] [D] [thread 2717] [12.0] [cxt 0] Deparsing header 'ethernet'
[06:43:24.768] [bmv2] [D] [thread 2717] [12.0] [cxt 0] Deparser 'deparser': end
[06:43:24.768] [bmv2] [D] [thread 2721] [12.0] [cxt 0] Transmitting packet of size 90 out of port 0
[06:43:27.647] [bmv2] [D] [thread 2716] [13.0] [cxt 0] Processing packet received on port 2
[06:43:27.647] [bmv2] [D] [thread 2716] [13.0] [cxt 0] Parser 'parser': start
[06:43:27.647] [bmv2] [D] [thread 2716] [13.0] [cxt 0] Parser 'parser' entering state 'start'
[06:43:27.647] [bmv2] [D] [thread 2716] [13.0] [cxt 0] Extracting header 'ethernet'
[06:43:27.647] [bmv2] [D] [thread 2716] [13.0] [cxt 0] Parser state 'start': key is 86dd
[06:43:27.647] [bmv2] [T] [thread 2716] [13.0] [cxt 0] Bytes parsed: 14
[06:43:27.647] [bmv2] [D] [thread 2716] [13.0] [cxt 0] Parser 'parser': end
[06:43:27.647] [bmv2] [D] [thread 2716] [13.0] [cxt 0] Pipeline 'ingress': start
[06:43:27.648] [bmv2] [T] [thread 2716] [13.0] [cxt 0] mri.p4(202) Condition "hdr.ipv4.isValid()" (node_2) is false
[06:43:27.648] [bmv2] [D] [thread 2716] [13.0] [cxt 0] Pipeline 'ingress': end
[06:43:27.648] [bmv2] [D] [thread 2716] [13.0] [cxt 0] Egress port is 0
[06:43:27.648] [bmv2] [D] [thread 2716] [14.0] [cxt 0] Processing packet received on port 3
[06:43:27.648] [bmv2] [D] [thread 2716] [14.0] [cxt 0] Parser 'parser': start
[06:43:27.648] [bmv2] [D] [thread 2716] [14.0] [cxt 0] Parser 'parser' entering state 'start'
[06:43:27.648] [bmv2] [D] [thread 2716] [14.0] [cxt 0] Extracting header 'ethernet'
[06:43:27.648] [bmv2] [D] [thread 2716] [14.0] [cxt 0] Parser state 'start': key is 86dd
[06:43:27.648] [bmv2] [T] [thread 2716] [14.0] [cxt 0] Bytes parsed: 14
[06:43:27.648] [bmv2] [D] [thread 2716] [14.0] [cxt 0] Parser 'parser': end
[06:43:27.648] [bmv2] [D] [thread 2716] [14.0] [cxt 0] Pipeline 'ingress': start
[06:43:27.648] [bmv2] [T] [thread 2716] [14.0] [cxt 0] mri.p4(202) Condition "hdr.ipv4.isValid()" (node_2) is false
[06:43:27.648] [bmv2] [D] [thread 2716] [14.0] [cxt 0] Pipeline 'ingress': end
[06:43:27.648] [bmv2] [D] [thread 2716] [14.0] [cxt 0] Egress port is 0
[06:43:27.648] [bmv2] [D] [thread 2717] [13.0] [cxt 0] Pipeline 'egress': start
[06:43:27.648] [bmv2] [T] [thread 2717] [13.0] [cxt 0] mri.p4(251) Condition "hdr.mri.isValid()" (node_6) is false
[06:43:27.648] [bmv2] [D] [thread 2717] [13.0] [cxt 0] Pipeline 'egress': end
[06:43:27.648] [bmv2] [D] [thread 2717] [13.0] [cxt 0] Deparser 'deparser': start
[06:43:27.648] [bmv2] [T] [thread 2717] [13.0] [cxt 0] Skipping checksum 'cksum' update because condition not met
[06:43:27.648] [bmv2] [D] [thread 2717] [13.0] [cxt 0] Deparsing header 'ethernet'
[06:43:27.648] [bmv2] [D] [thread 2717] [13.0] [cxt 0] Deparser 'deparser': end
[06:43:27.648] [bmv2] [D] [thread 2717] [14.0] [cxt 0] Pipeline 'egress': start
[06:43:27.648] [bmv2] [T] [thread 2717] [14.0] [cxt 0] mri.p4(251) Condition "hdr.mri.isValid()" (node_6) is false
[06:43:27.648] [bmv2] [D] [thread 2717] [14.0] [cxt 0] Pipeline 'egress': end
[06:43:27.648] [bmv2] [D] [thread 2717] [14.0] [cxt 0] Deparser 'deparser': start
[06:43:27.648] [bmv2] [T] [thread 2717] [14.0] [cxt 0] Skipping checksum 'cksum' update because condition not met
[06:43:27.648] [bmv2] [D] [thread 2717] [14.0] [cxt 0] Deparsing header 'ethernet'
[06:43:27.648] [bmv2] [D] [thread 2717] [14.0] [cxt 0] Deparser 'deparser': end
[06:43:27.648] [bmv2] [D] [thread 2721] [13.0] [cxt 0] Transmitting packet of size 70 out of port 0
[06:43:27.648] [bmv2] [D] [thread 2721] [14.0] [cxt 0] Transmitting packet of size 70 out of port 0
[06:43:27.904] [bmv2] [D] [thread 2716] [15.0] [cxt 0] Processing packet received on port 1
[06:43:27.904] [bmv2] [D] [thread 2716] [15.0] [cxt 0] Parser 'parser': start
[06:43:27.904] [bmv2] [D] [thread 2716] [15.0] [cxt 0] Parser 'parser' entering state 'start'
[06:43:27.904] [bmv2] [D] [thread 2716] [15.0] [cxt 0] Extracting header 'ethernet'
[06:43:27.904] [bmv2] [D] [thread 2716] [15.0] [cxt 0] Parser state 'start': key is 86dd
[06:43:27.904] [bmv2] [T] [thread 2716] [15.0] [cxt 0] Bytes parsed: 14
[06:43:27.904] [bmv2] [D] [thread 2716] [15.0] [cxt 0] Parser 'parser': end
[06:43:27.905] [bmv2] [D] [thread 2716] [15.0] [cxt 0] Pipeline 'ingress': start
[06:43:27.905] [bmv2] [T] [thread 2716] [15.0] [cxt 0] mri.p4(202) Condition "hdr.ipv4.isValid()" (node_2) is false
[06:43:27.905] [bmv2] [D] [thread 2716] [15.0] [cxt 0] Pipeline 'ingress': end
[06:43:27.905] [bmv2] [D] [thread 2716] [15.0] [cxt 0] Egress port is 0
[06:43:27.905] [bmv2] [D] [thread 2717] [15.0] [cxt 0] Pipeline 'egress': start
[06:43:27.905] [bmv2] [T] [thread 2717] [15.0] [cxt 0] mri.p4(251) Condition "hdr.mri.isValid()" (node_6) is false
[06:43:27.905] [bmv2] [D] [thread 2717] [15.0] [cxt 0] Pipeline 'egress': end
[06:43:27.905] [bmv2] [D] [thread 2717] [15.0] [cxt 0] Deparser 'deparser': start
[06:43:27.905] [bmv2] [T] [thread 2717] [15.0] [cxt 0] Skipping checksum 'cksum' update because condition not met
[06:43:27.905] [bmv2] [D] [thread 2717] [15.0] [cxt 0] Deparsing header 'ethernet'
[06:43:27.905] [bmv2] [D] [thread 2717] [15.0] [cxt 0] Deparser 'deparser': end
[06:43:27.905] [bmv2] [D] [thread 2721] [15.0] [cxt 0] Transmitting packet of size 70 out of port 0
[06:43:28.416] [bmv2] [D] [thread 2716] [16.0] [cxt 0] Processing packet received on port 2
[06:43:28.416] [bmv2] [D] [thread 2716] [16.0] [cxt 0] Parser 'parser': start
[06:43:28.416] [bmv2] [D] [thread 2716] [16.0] [cxt 0] Parser 'parser' entering state 'start'
[06:43:28.416] [bmv2] [D] [thread 2716] [16.0] [cxt 0] Extracting header 'ethernet'
[06:43:28.416] [bmv2] [D] [thread 2716] [16.0] [cxt 0] Parser state 'start': key is 86dd
[06:43:28.416] [bmv2] [T] [thread 2716] [16.0] [cxt 0] Bytes parsed: 14
[06:43:28.416] [bmv2] [D] [thread 2716] [16.0] [cxt 0] Parser 'parser': end
[06:43:28.416] [bmv2] [D] [thread 2716] [16.0] [cxt 0] Pipeline 'ingress': start
[06:43:28.416] [bmv2] [T] [thread 2716] [16.0] [cxt 0] mri.p4(202) Condition "hdr.ipv4.isValid()" (node_2) is false
[06:43:28.416] [bmv2] [D] [thread 2716] [16.0] [cxt 0] Pipeline 'ingress': end
[06:43:28.416] [bmv2] [D] [thread 2716] [16.0] [cxt 0] Egress port is 0
[06:43:28.416] [bmv2] [D] [thread 2716] [17.0] [cxt 0] Processing packet received on port 3
[06:43:28.416] [bmv2] [D] [thread 2716] [17.0] [cxt 0] Parser 'parser': start
[06:43:28.416] [bmv2] [D] [thread 2716] [17.0] [cxt 0] Parser 'parser' entering state 'start'
[06:43:28.416] [bmv2] [D] [thread 2716] [17.0] [cxt 0] Extracting header 'ethernet'
[06:43:28.416] [bmv2] [D] [thread 2716] [17.0] [cxt 0] Parser state 'start': key is 86dd
[06:43:28.416] [bmv2] [T] [thread 2716] [17.0] [cxt 0] Bytes parsed: 14
[06:43:28.416] [bmv2] [D] [thread 2716] [17.0] [cxt 0] Parser 'parser': end
[06:43:28.416] [bmv2] [D] [thread 2716] [17.0] [cxt 0] Pipeline 'ingress': start
[06:43:28.416] [bmv2] [T] [thread 2716] [17.0] [cxt 0] mri.p4(202) Condition "hdr.ipv4.isValid()" (node_2) is false
[06:43:28.416] [bmv2] [D] [thread 2716] [17.0] [cxt 0] Pipeline 'ingress': end
[06:43:28.417] [bmv2] [D] [thread 2716] [17.0] [cxt 0] Egress port is 0
[06:43:28.417] [bmv2] [D] [thread 2717] [16.0] [cxt 0] Pipeline 'egress': start
[06:43:28.417] [bmv2] [T] [thread 2717] [16.0] [cxt 0] mri.p4(251) Condition "hdr.mri.isValid()" (node_6) is false
[06:43:28.417] [bmv2] [D] [thread 2717] [16.0] [cxt 0] Pipeline 'egress': end
[06:43:28.417] [bmv2] [D] [thread 2717] [16.0] [cxt 0] Deparser 'deparser': start
[06:43:28.417] [bmv2] [T] [thread 2717] [16.0] [cxt 0] Skipping checksum 'cksum' update because condition not met
[06:43:28.417] [bmv2] [D] [thread 2717] [16.0] [cxt 0] Deparsing header 'ethernet'
[06:43:28.417] [bmv2] [D] [thread 2717] [16.0] [cxt 0] Deparser 'deparser': end
[06:43:28.417] [bmv2] [D] [thread 2717] [17.0] [cxt 0] Pipeline 'egress': start
[06:43:28.417] [bmv2] [D] [thread 2721] [16.0] [cxt 0] Transmitting packet of size 70 out of port 0
[06:43:28.417] [bmv2] [T] [thread 2717] [17.0] [cxt 0] mri.p4(251) Condition "hdr.mri.isValid()" (node_6) is false
[06:43:28.417] [bmv2] [D] [thread 2717] [17.0] [cxt 0] Pipeline 'egress': end
[06:43:28.417] [bmv2] [D] [thread 2717] [17.0] [cxt 0] Deparser 'deparser': start
[06:43:28.417] [bmv2] [T] [thread 2717] [17.0] [cxt 0] Skipping checksum 'cksum' update because condition not met
[06:43:28.417] [bmv2] [D] [thread 2717] [17.0] [cxt 0] Deparsing header 'ethernet'
[06:43:28.417] [bmv2] [D] [thread 2717] [17.0] [cxt 0] Deparser 'deparser': end
[06:43:28.418] [bmv2] [D] [thread 2721] [17.0] [cxt 0] Transmitting packet of size 70 out of port 0
[06:43:32.600] [bmv2] [W] [thread 2748] [P4Runtime] p4::tmp::P4DeviceConfig is deprecated
[06:43:32.604] [bmv2] [D] [thread 2748] Set default default entry for table 'MyIngress.ipv4_lpm': NoAction - 
[06:43:32.605] [bmv2] [D] [thread 2748] Set default default entry for table 'MyEgress.swtrace': NoAction - 
[06:43:32.606] [bmv2] [D] [thread 2748] simple_switch target has been notified of a config swap
[06:43:32.640] [bmv2] [D] [thread 2760] Set default entry for table 'MyEgress.swtrace': MyEgress.add_swtrace - 3,
[06:43:32.642] [bmv2] [D] [thread 2748] Entry 0 added to table 'MyIngress.ipv4_lpm'
[06:43:32.642] [bmv2] [D] [thread 2748] Dumping entry 0
Match key:
* hdr.ipv4.dstAddr    : LPM       0a000303/32
Action entry: MyIngress.ipv4_forward - 80000000303,1,

[06:43:32.644] [bmv2] [D] [thread 2760] Set default entry for table 'MyEgress.swtrace': MyEgress.add_swtrace - 3,
[06:43:32.645] [bmv2] [D] [thread 2748] Entry 1 added to table 'MyIngress.ipv4_lpm'
[06:43:32.645] [bmv2] [D] [thread 2748] Dumping entry 1
Match key:
* hdr.ipv4.dstAddr    : LPM       0a000100/24
Action entry: MyIngress.ipv4_forward - 80000000100,2,

[06:43:32.647] [bmv2] [D] [thread 2760] Set default entry for table 'MyEgress.swtrace': MyEgress.add_swtrace - 3,
[06:43:32.648] [bmv2] [D] [thread 2748] Entry 2 added to table 'MyIngress.ipv4_lpm'
[06:43:32.648] [bmv2] [D] [thread 2748] Dumping entry 2
Match key:
* hdr.ipv4.dstAddr    : LPM       0a000200/24
Action entry: MyIngress.ipv4_forward - 80000000200,3,

[06:43:35.072] [bmv2] [D] [thread 2716] [18.0] [cxt 0] Processing packet received on port 2
[06:43:35.072] [bmv2] [D] [thread 2716] [18.0] [cxt 0] Parser 'parser': start
[06:43:35.072] [bmv2] [D] [thread 2716] [18.0] [cxt 0] Parser 'parser' entering state 'start'
[06:43:35.072] [bmv2] [D] [thread 2716] [18.0] [cxt 0] Extracting header 'ethernet'
[06:43:35.072] [bmv2] [D] [thread 2716] [18.0] [cxt 0] Parser state 'start': key is 86dd
[06:43:35.072] [bmv2] [T] [thread 2716] [18.0] [cxt 0] Bytes parsed: 14
[06:43:35.072] [bmv2] [D] [thread 2716] [18.0] [cxt 0] Parser 'parser': end
[06:43:35.072] [bmv2] [D] [thread 2716] [18.0] [cxt 0] Pipeline 'ingress': start
[06:43:35.072] [bmv2] [T] [thread 2716] [18.0] [cxt 0] mri.p4(202) Condition "hdr.ipv4.isValid()" (node_2) is false
[06:43:35.072] [bmv2] [D] [thread 2716] [18.0] [cxt 0] Pipeline 'ingress': end
[06:43:35.072] [bmv2] [D] [thread 2716] [18.0] [cxt 0] Egress port is 0
[06:43:35.072] [bmv2] [D] [thread 2717] [18.0] [cxt 0] Pipeline 'egress': start
[06:43:35.072] [bmv2] [T] [thread 2717] [18.0] [cxt 0] mri.p4(251) Condition "hdr.mri.isValid()" (node_6) is false
[06:43:35.073] [bmv2] [D] [thread 2717] [18.0] [cxt 0] Pipeline 'egress': end
[06:43:35.073] [bmv2] [D] [thread 2717] [18.0] [cxt 0] Deparser 'deparser': start
[06:43:35.073] [bmv2] [T] [thread 2717] [18.0] [cxt 0] Skipping checksum 'cksum' update because condition not met
[06:43:35.073] [bmv2] [D] [thread 2717] [18.0] [cxt 0] Deparsing header 'ethernet'
[06:43:35.073] [bmv2] [D] [thread 2717] [18.0] [cxt 0] Deparser 'deparser': end
[06:43:35.073] [bmv2] [D] [thread 2721] [18.0] [cxt 0] Transmitting packet of size 70 out of port 0
[06:43:35.329] [bmv2] [D] [thread 2716] [19.0] [cxt 0] Processing packet received on port 3
[06:43:35.329] [bmv2] [D] [thread 2716] [19.0] [cxt 0] Parser 'parser': start
[06:43:35.329] [bmv2] [D] [thread 2716] [19.0] [cxt 0] Parser 'parser' entering state 'start'
[06:43:35.329] [bmv2] [D] [thread 2716] [19.0] [cxt 0] Extracting header 'ethernet'
[06:43:35.329] [bmv2] [D] [thread 2716] [19.0] [cxt 0] Parser state 'start': key is 86dd
[06:43:35.329] [bmv2] [T] [thread 2716] [19.0] [cxt 0] Bytes parsed: 14
[06:43:35.329] [bmv2] [D] [thread 2716] [19.0] [cxt 0] Parser 'parser': end
[06:43:35.329] [bmv2] [D] [thread 2716] [19.0] [cxt 0] Pipeline 'ingress': start
[06:43:35.329] [bmv2] [T] [thread 2716] [19.0] [cxt 0] mri.p4(202) Condition "hdr.ipv4.isValid()" (node_2) is false
[06:43:35.329] [bmv2] [D] [thread 2716] [19.0] [cxt 0] Pipeline 'ingress': end
[06:43:35.329] [bmv2] [D] [thread 2716] [19.0] [cxt 0] Egress port is 0
[06:43:35.330] [bmv2] [D] [thread 2717] [19.0] [cxt 0] Pipeline 'egress': start
[06:43:35.330] [bmv2] [T] [thread 2717] [19.0] [cxt 0] mri.p4(251) Condition "hdr.mri.isValid()" (node_6) is false
[06:43:35.330] [bmv2] [D] [thread 2717] [19.0] [cxt 0] Pipeline 'egress': end
[06:43:35.330] [bmv2] [D] [thread 2717] [19.0] [cxt 0] Deparser 'deparser': start
[06:43:35.330] [bmv2] [T] [thread 2717] [19.0] [cxt 0] Skipping checksum 'cksum' update because condition not met
[06:43:35.330] [bmv2] [D] [thread 2717] [19.0] [cxt 0] Deparsing header 'ethernet'
[06:43:35.330] [bmv2] [D] [thread 2717] [19.0] [cxt 0] Deparser 'deparser': end
[06:43:35.330] [bmv2] [D] [thread 2721] [19.0] [cxt 0] Transmitting packet of size 70 out of port 0
[06:43:36.358] [bmv2] [D] [thread 2716] [20.0] [cxt 0] Processing packet received on port 1
[06:43:36.358] [bmv2] [D] [thread 2716] [20.0] [cxt 0] Parser 'parser': start
[06:43:36.358] [bmv2] [D] [thread 2716] [20.0] [cxt 0] Parser 'parser' entering state 'start'
[06:43:36.358] [bmv2] [D] [thread 2716] [20.0] [cxt 0] Extracting header 'ethernet'
[06:43:36.358] [bmv2] [D] [thread 2716] [20.0] [cxt 0] Parser state 'start': key is 86dd
[06:43:36.358] [bmv2] [T] [thread 2716] [20.0] [cxt 0] Bytes parsed: 14
[06:43:36.358] [bmv2] [D] [thread 2716] [20.0] [cxt 0] Parser 'parser': end
[06:43:36.358] [bmv2] [D] [thread 2716] [20.0] [cxt 0] Pipeline 'ingress': start
[06:43:36.358] [bmv2] [T] [thread 2716] [20.0] [cxt 0] mri.p4(202) Condition "hdr.ipv4.isValid()" (node_2) is false
[06:43:36.358] [bmv2] [D] [thread 2716] [20.0] [cxt 0] Pipeline 'ingress': end
[06:43:36.358] [bmv2] [D] [thread 2716] [20.0] [cxt 0] Egress port is 0
[06:43:36.358] [bmv2] [D] [thread 2717] [20.0] [cxt 0] Pipeline 'egress': start
[06:43:36.358] [bmv2] [T] [thread 2717] [20.0] [cxt 0] mri.p4(251) Condition "hdr.mri.isValid()" (node_6) is false
[06:43:36.358] [bmv2] [D] [thread 2717] [20.0] [cxt 0] Pipeline 'egress': end
[06:43:36.358] [bmv2] [D] [thread 2717] [20.0] [cxt 0] Deparser 'deparser': start
[06:43:36.358] [bmv2] [T] [thread 2717] [20.0] [cxt 0] Skipping checksum 'cksum' update because condition not met
[06:43:36.358] [bmv2] [D] [thread 2717] [20.0] [cxt 0] Deparsing header 'ethernet'
[06:43:36.358] [bmv2] [D] [thread 2717] [20.0] [cxt 0] Deparser 'deparser': end
[06:43:36.358] [bmv2] [D] [thread 2721] [20.0] [cxt 0] Transmitting packet of size 70 out of port 0
[06:43:37.121] [bmv2] [D] [thread 2716] [21.0] [cxt 0] Processing packet received on port 3
[06:43:37.122] [bmv2] [D] [thread 2716] [21.0] [cxt 0] Parser 'parser': start
[06:43:37.122] [bmv2] [D] [thread 2716] [21.0] [cxt 0] Parser 'parser' entering state 'start'
[06:43:37.122] [bmv2] [D] [thread 2716] [21.0] [cxt 0] Extracting header 'ethernet'
[06:43:37.122] [bmv2] [D] [thread 2716] [21.0] [cxt 0] Parser state 'start': key is 86dd
[06:43:37.122] [bmv2] [T] [thread 2716] [21.0] [cxt 0] Bytes parsed: 14
[06:43:37.122] [bmv2] [D] [thread 2716] [21.0] [cxt 0] Parser 'parser': end
[06:43:37.122] [bmv2] [D] [thread 2716] [21.0] [cxt 0] Pipeline 'ingress': start
[06:43:37.122] [bmv2] [T] [thread 2716] [21.0] [cxt 0] mri.p4(202) Condition "hdr.ipv4.isValid()" (node_2) is false
[06:43:37.122] [bmv2] [D] [thread 2716] [21.0] [cxt 0] Pipeline 'ingress': end
[06:43:37.122] [bmv2] [D] [thread 2716] [21.0] [cxt 0] Egress port is 0
[06:43:37.122] [bmv2] [D] [thread 2717] [21.0] [cxt 0] Pipeline 'egress': start
[06:43:37.122] [bmv2] [T] [thread 2717] [21.0] [cxt 0] mri.p4(251) Condition "hdr.mri.isValid()" (node_6) is false
[06:43:37.122] [bmv2] [D] [thread 2717] [21.0] [cxt 0] Pipeline 'egress': end
[06:43:37.122] [bmv2] [D] [thread 2717] [21.0] [cxt 0] Deparser 'deparser': start
[06:43:37.122] [bmv2] [T] [thread 2717] [21.0] [cxt 0] Skipping checksum 'cksum' update because condition not met
[06:43:37.122] [bmv2] [D] [thread 2717] [21.0] [cxt 0] Deparsing header 'ethernet'
[06:43:37.122] [bmv2] [D] [thread 2717] [21.0] [cxt 0] Deparser 'deparser': end
[06:43:37.122] [bmv2] [D] [thread 2721] [21.0] [cxt 0] Transmitting packet of size 70 out of port 0
[06:43:37.377] [bmv2] [D] [thread 2716] [22.0] [cxt 0] Processing packet received on port 2
[06:43:37.377] [bmv2] [D] [thread 2716] [22.0] [cxt 0] Parser 'parser': start
[06:43:37.377] [bmv2] [D] [thread 2716] [22.0] [cxt 0] Parser 'parser' entering state 'start'
[06:43:37.377] [bmv2] [D] [thread 2716] [22.0] [cxt 0] Extracting header 'ethernet'
[06:43:37.377] [bmv2] [D] [thread 2716] [22.0] [cxt 0] Parser state 'start': key is 86dd
[06:43:37.378] [bmv2] [T] [thread 2716] [22.0] [cxt 0] Bytes parsed: 14
[06:43:37.378] [bmv2] [D] [thread 2716] [22.0] [cxt 0] Parser 'parser': end
[06:43:37.378] [bmv2] [D] [thread 2716] [22.0] [cxt 0] Pipeline 'ingress': start
[06:43:37.378] [bmv2] [T] [thread 2716] [22.0] [cxt 0] mri.p4(202) Condition "hdr.ipv4.isValid()" (node_2) is false
[06:43:37.378] [bmv2] [D] [thread 2716] [22.0] [cxt 0] Pipeline 'ingress': end
[06:43:37.378] [bmv2] [D] [thread 2716] [22.0] [cxt 0] Egress port is 0
[06:43:37.378] [bmv2] [D] [thread 2717] [22.0] [cxt 0] Pipeline 'egress': start
[06:43:37.378] [bmv2] [T] [thread 2717] [22.0] [cxt 0] mri.p4(251) Condition "hdr.mri.isValid()" (node_6) is false
[06:43:37.378] [bmv2] [D] [thread 2717] [22.0] [cxt 0] Pipeline 'egress': end
[06:43:37.378] [bmv2] [D] [thread 2717] [22.0] [cxt 0] Deparser 'deparser': start
[06:43:37.378] [bmv2] [T] [thread 2717] [22.0] [cxt 0] Skipping checksum 'cksum' update because condition not met
[06:43:37.378] [bmv2] [D] [thread 2717] [22.0] [cxt 0] Deparsing header 'ethernet'
[06:43:37.378] [bmv2] [D] [thread 2717] [22.0] [cxt 0] Deparser 'deparser': end
[06:43:37.378] [bmv2] [D] [thread 2721] [22.0] [cxt 0] Transmitting packet of size 70 out of port 0
[06:43:50.175] [bmv2] [D] [thread 2716] [23.0] [cxt 0] Processing packet received on port 2
[06:43:50.175] [bmv2] [D] [thread 2716] [23.0] [cxt 0] Parser 'parser': start
[06:43:50.175] [bmv2] [D] [thread 2716] [23.0] [cxt 0] Parser 'parser' entering state 'start'
[06:43:50.175] [bmv2] [D] [thread 2716] [23.0] [cxt 0] Extracting header 'ethernet'
[06:43:50.175] [bmv2] [D] [thread 2716] [23.0] [cxt 0] Parser state 'start': key is 86dd
[06:43:50.175] [bmv2] [T] [thread 2716] [23.0] [cxt 0] Bytes parsed: 14
[06:43:50.175] [bmv2] [D] [thread 2716] [23.0] [cxt 0] Parser 'parser': end
[06:43:50.175] [bmv2] [D] [thread 2716] [23.0] [cxt 0] Pipeline 'ingress': start
[06:43:50.175] [bmv2] [T] [thread 2716] [23.0] [cxt 0] mri.p4(202) Condition "hdr.ipv4.isValid()" (node_2) is false
[06:43:50.175] [bmv2] [D] [thread 2716] [23.0] [cxt 0] Pipeline 'ingress': end
[06:43:50.175] [bmv2] [D] [thread 2716] [23.0] [cxt 0] Egress port is 0
[06:43:50.175] [bmv2] [D] [thread 2717] [23.0] [cxt 0] Pipeline 'egress': start
[06:43:50.175] [bmv2] [T] [thread 2717] [23.0] [cxt 0] mri.p4(251) Condition "hdr.mri.isValid()" (node_6) is false
[06:43:50.175] [bmv2] [D] [thread 2717] [23.0] [cxt 0] Pipeline 'egress': end
[06:43:50.175] [bmv2] [D] [thread 2717] [23.0] [cxt 0] Deparser 'deparser': start
[06:43:50.175] [bmv2] [T] [thread 2717] [23.0] [cxt 0] Skipping checksum 'cksum' update because condition not met
[06:43:50.175] [bmv2] [D] [thread 2717] [23.0] [cxt 0] Deparsing header 'ethernet'
[06:43:50.175] [bmv2] [D] [thread 2717] [23.0] [cxt 0] Deparser 'deparser': end
[06:43:50.175] [bmv2] [D] [thread 2721] [23.0] [cxt 0] Transmitting packet of size 70 out of port 0
[06:43:50.432] [bmv2] [D] [thread 2716] [24.0] [cxt 0] Processing packet received on port 3
[06:43:50.432] [bmv2] [D] [thread 2716] [24.0] [cxt 0] Parser 'parser': start
[06:43:50.432] [bmv2] [D] [thread 2716] [24.0] [cxt 0] Parser 'parser' entering state 'start'
[06:43:50.432] [bmv2] [D] [thread 2716] [24.0] [cxt 0] Extracting header 'ethernet'
[06:43:50.432] [bmv2] [D] [thread 2716] [24.0] [cxt 0] Parser state 'start': key is 86dd
[06:43:50.432] [bmv2] [T] [thread 2716] [24.0] [cxt 0] Bytes parsed: 14
[06:43:50.432] [bmv2] [D] [thread 2716] [24.0] [cxt 0] Parser 'parser': end
[06:43:50.432] [bmv2] [D] [thread 2716] [24.0] [cxt 0] Pipeline 'ingress': start
[06:43:50.432] [bmv2] [T] [thread 2716] [24.0] [cxt 0] mri.p4(202) Condition "hdr.ipv4.isValid()" (node_2) is false
[06:43:50.432] [bmv2] [D] [thread 2716] [24.0] [cxt 0] Pipeline 'ingress': end
[06:43:50.432] [bmv2] [D] [thread 2716] [24.0] [cxt 0] Egress port is 0
[06:43:50.432] [bmv2] [D] [thread 2717] [24.0] [cxt 0] Pipeline 'egress': start
[06:43:50.432] [bmv2] [T] [thread 2717] [24.0] [cxt 0] mri.p4(251) Condition "hdr.mri.isValid()" (node_6) is false
[06:43:50.432] [bmv2] [D] [thread 2717] [24.0] [cxt 0] Pipeline 'egress': end
[06:43:50.432] [bmv2] [D] [thread 2717] [24.0] [cxt 0] Deparser 'deparser': start
[06:43:50.432] [bmv2] [T] [thread 2717] [24.0] [cxt 0] Skipping checksum 'cksum' update because condition not met
[06:43:50.432] [bmv2] [D] [thread 2717] [24.0] [cxt 0] Deparsing header 'ethernet'
[06:43:50.432] [bmv2] [D] [thread 2717] [24.0] [cxt 0] Deparser 'deparser': end
[06:43:50.432] [bmv2] [D] [thread 2721] [24.0] [cxt 0] Transmitting packet of size 70 out of port 0
[06:43:56.066] [bmv2] [D] [thread 2716] [25.0] [cxt 0] Processing packet received on port 1
[06:43:56.066] [bmv2] [D] [thread 2716] [25.0] [cxt 0] Parser 'parser': start
[06:43:56.066] [bmv2] [D] [thread 2716] [25.0] [cxt 0] Parser 'parser' entering state 'start'
[06:43:56.066] [bmv2] [D] [thread 2716] [25.0] [cxt 0] Extracting header 'ethernet'
[06:43:56.066] [bmv2] [D] [thread 2716] [25.0] [cxt 0] Parser state 'start': key is 86dd
[06:43:56.066] [bmv2] [T] [thread 2716] [25.0] [cxt 0] Bytes parsed: 14
[06:43:56.066] [bmv2] [D] [thread 2716] [25.0] [cxt 0] Parser 'parser': end
[06:43:56.066] [bmv2] [D] [thread 2716] [25.0] [cxt 0] Pipeline 'ingress': start
[06:43:56.066] [bmv2] [T] [thread 2716] [25.0] [cxt 0] mri.p4(202) Condition "hdr.ipv4.isValid()" (node_2) is false
[06:43:56.066] [bmv2] [D] [thread 2716] [25.0] [cxt 0] Pipeline 'ingress': end
[06:43:56.066] [bmv2] [D] [thread 2716] [25.0] [cxt 0] Egress port is 0
[06:43:56.066] [bmv2] [D] [thread 2716] [26.0] [cxt 0] Processing packet received on port 2
[06:43:56.066] [bmv2] [D] [thread 2716] [26.0] [cxt 0] Parser 'parser': start
[06:43:56.066] [bmv2] [D] [thread 2716] [26.0] [cxt 0] Parser 'parser' entering state 'start'
[06:43:56.066] [bmv2] [D] [thread 2716] [26.0] [cxt 0] Extracting header 'ethernet'
[06:43:56.066] [bmv2] [D] [thread 2716] [26.0] [cxt 0] Parser state 'start': key is 86dd
[06:43:56.066] [bmv2] [T] [thread 2716] [26.0] [cxt 0] Bytes parsed: 14
[06:43:56.066] [bmv2] [D] [thread 2716] [26.0] [cxt 0] Parser 'parser': end
[06:43:56.066] [bmv2] [D] [thread 2716] [26.0] [cxt 0] Pipeline 'ingress': start
[06:43:56.066] [bmv2] [T] [thread 2716] [26.0] [cxt 0] mri.p4(202) Condition "hdr.ipv4.isValid()" (node_2) is false
[06:43:56.066] [bmv2] [D] [thread 2716] [26.0] [cxt 0] Pipeline 'ingress': end
[06:43:56.066] [bmv2] [D] [thread 2716] [26.0] [cxt 0] Egress port is 0
[06:43:56.066] [bmv2] [D] [thread 2716] [27.0] [cxt 0] Processing packet received on port 3
[06:43:56.066] [bmv2] [D] [thread 2716] [27.0] [cxt 0] Parser 'parser': start
[06:43:56.066] [bmv2] [D] [thread 2716] [27.0] [cxt 0] Parser 'parser' entering state 'start'
[06:43:56.066] [bmv2] [D] [thread 2716] [27.0] [cxt 0] Extracting header 'ethernet'
[06:43:56.066] [bmv2] [D] [thread 2716] [27.0] [cxt 0] Parser state 'start': key is 86dd
[06:43:56.066] [bmv2] [T] [thread 2716] [27.0] [cxt 0] Bytes parsed: 14
[06:43:56.066] [bmv2] [D] [thread 2716] [27.0] [cxt 0] Parser 'parser': end
[06:43:56.066] [bmv2] [D] [thread 2716] [27.0] [cxt 0] Pipeline 'ingress': start
[06:43:56.066] [bmv2] [T] [thread 2716] [27.0] [cxt 0] mri.p4(202) Condition "hdr.ipv4.isValid()" (node_2) is false
[06:43:56.066] [bmv2] [D] [thread 2716] [27.0] [cxt 0] Pipeline 'ingress': end
[06:43:56.066] [bmv2] [D] [thread 2716] [27.0] [cxt 0] Egress port is 0
[06:43:56.066] [bmv2] [D] [thread 2717] [25.0] [cxt 0] Pipeline 'egress': start
[06:43:56.067] [bmv2] [T] [thread 2717] [25.0] [cxt 0] mri.p4(251) Condition "hdr.mri.isValid()" (node_6) is false
[06:43:56.067] [bmv2] [D] [thread 2717] [25.0] [cxt 0] Pipeline 'egress': end
[06:43:56.067] [bmv2] [D] [thread 2717] [25.0] [cxt 0] Deparser 'deparser': start
[06:43:56.067] [bmv2] [T] [thread 2717] [25.0] [cxt 0] Skipping checksum 'cksum' update because condition not met
[06:43:56.067] [bmv2] [D] [thread 2717] [25.0] [cxt 0] Deparsing header 'ethernet'
[06:43:56.067] [bmv2] [D] [thread 2717] [25.0] [cxt 0] Deparser 'deparser': end
[06:43:56.067] [bmv2] [D] [thread 2717] [26.0] [cxt 0] Pipeline 'egress': start
[06:43:56.067] [bmv2] [T] [thread 2717] [26.0] [cxt 0] mri.p4(251) Condition "hdr.mri.isValid()" (node_6) is false
[06:43:56.067] [bmv2] [D] [thread 2717] [26.0] [cxt 0] Pipeline 'egress': end
[06:43:56.067] [bmv2] [D] [thread 2717] [26.0] [cxt 0] Deparser 'deparser': start
[06:43:56.067] [bmv2] [T] [thread 2717] [26.0] [cxt 0] Skipping checksum 'cksum' update because condition not met
[06:43:56.067] [bmv2] [D] [thread 2717] [26.0] [cxt 0] Deparsing header 'ethernet'
[06:43:56.067] [bmv2] [D] [thread 2717] [26.0] [cxt 0] Deparser 'deparser': end
[06:43:56.067] [bmv2] [D] [thread 2717] [27.0] [cxt 0] Pipeline 'egress': start
[06:43:56.067] [bmv2] [T] [thread 2717] [27.0] [cxt 0] mri.p4(251) Condition "hdr.mri.isValid()" (node_6) is false
[06:43:56.067] [bmv2] [D] [thread 2717] [27.0] [cxt 0] Pipeline 'egress': end
[06:43:56.067] [bmv2] [D] [thread 2717] [27.0] [cxt 0] Deparser 'deparser': start
[06:43:56.067] [bmv2] [T] [thread 2717] [27.0] [cxt 0] Skipping checksum 'cksum' update because condition not met
[06:43:56.067] [bmv2] [D] [thread 2717] [27.0] [cxt 0] Deparsing header 'ethernet'
[06:43:56.067] [bmv2] [D] [thread 2717] [27.0] [cxt 0] Deparser 'deparser': end
[06:43:56.067] [bmv2] [D] [thread 2721] [25.0] [cxt 0] Transmitting packet of size 70 out of port 0
[06:43:56.067] [bmv2] [D] [thread 2721] [26.0] [cxt 0] Transmitting packet of size 70 out of port 0
[06:43:56.067] [bmv2] [D] [thread 2721] [27.0] [cxt 0] Transmitting packet of size 70 out of port 0
[06:44:20.641] [bmv2] [D] [thread 2716] [28.0] [cxt 0] Processing packet received on port 2
[06:44:20.641] [bmv2] [D] [thread 2716] [28.0] [cxt 0] Parser 'parser': start
[06:44:20.641] [bmv2] [D] [thread 2716] [28.0] [cxt 0] Parser 'parser' entering state 'start'
[06:44:20.641] [bmv2] [D] [thread 2716] [28.0] [cxt 0] Extracting header 'ethernet'
[06:44:20.641] [bmv2] [D] [thread 2716] [28.0] [cxt 0] Parser state 'start': key is 86dd
[06:44:20.641] [bmv2] [T] [thread 2716] [28.0] [cxt 0] Bytes parsed: 14
[06:44:20.641] [bmv2] [D] [thread 2716] [28.0] [cxt 0] Parser 'parser': end
[06:44:20.641] [bmv2] [D] [thread 2716] [28.0] [cxt 0] Pipeline 'ingress': start
[06:44:20.641] [bmv2] [T] [thread 2716] [28.0] [cxt 0] mri.p4(202) Condition "hdr.ipv4.isValid()" (node_2) is false
[06:44:20.641] [bmv2] [D] [thread 2716] [28.0] [cxt 0] Pipeline 'ingress': end
[06:44:20.641] [bmv2] [D] [thread 2716] [28.0] [cxt 0] Egress port is 0
[06:44:20.641] [bmv2] [D] [thread 2717] [28.0] [cxt 0] Pipeline 'egress': start
[06:44:20.641] [bmv2] [T] [thread 2717] [28.0] [cxt 0] mri.p4(251) Condition "hdr.mri.isValid()" (node_6) is false
[06:44:20.641] [bmv2] [D] [thread 2717] [28.0] [cxt 0] Pipeline 'egress': end
[06:44:20.641] [bmv2] [D] [thread 2717] [28.0] [cxt 0] Deparser 'deparser': start
[06:44:20.641] [bmv2] [T] [thread 2717] [28.0] [cxt 0] Skipping checksum 'cksum' update because condition not met
[06:44:20.641] [bmv2] [D] [thread 2717] [28.0] [cxt 0] Deparsing header 'ethernet'
[06:44:20.641] [bmv2] [D] [thread 2717] [28.0] [cxt 0] Deparser 'deparser': end
[06:44:20.641] [bmv2] [D] [thread 2721] [28.0] [cxt 0] Transmitting packet of size 70 out of port 0
[06:44:22.689] [bmv2] [D] [thread 2716] [29.0] [cxt 0] Processing packet received on port 3
[06:44:22.689] [bmv2] [D] [thread 2716] [29.0] [cxt 0] Parser 'parser': start
[06:44:22.689] [bmv2] [D] [thread 2716] [29.0] [cxt 0] Parser 'parser' entering state 'start'
[06:44:22.689] [bmv2] [D] [thread 2716] [29.0] [cxt 0] Extracting header 'ethernet'
[06:44:22.689] [bmv2] [D] [thread 2716] [29.0] [cxt 0] Parser state 'start': key is 86dd
[06:44:22.689] [bmv2] [T] [thread 2716] [29.0] [cxt 0] Bytes parsed: 14
[06:44:22.689] [bmv2] [D] [thread 2716] [29.0] [cxt 0] Parser 'parser': end
[06:44:22.689] [bmv2] [D] [thread 2716] [29.0] [cxt 0] Pipeline 'ingress': start
[06:44:22.689] [bmv2] [T] [thread 2716] [29.0] [cxt 0] mri.p4(202) Condition "hdr.ipv4.isValid()" (node_2) is false
[06:44:22.689] [bmv2] [D] [thread 2716] [29.0] [cxt 0] Pipeline 'ingress': end
[06:44:22.689] [bmv2] [D] [thread 2716] [29.0] [cxt 0] Egress port is 0
[06:44:22.689] [bmv2] [D] [thread 2717] [29.0] [cxt 0] Pipeline 'egress': start
[06:44:22.689] [bmv2] [T] [thread 2717] [29.0] [cxt 0] mri.p4(251) Condition "hdr.mri.isValid()" (node_6) is false
[06:44:22.689] [bmv2] [D] [thread 2717] [29.0] [cxt 0] Pipeline 'egress': end
[06:44:22.689] [bmv2] [D] [thread 2717] [29.0] [cxt 0] Deparser 'deparser': start
[06:44:22.689] [bmv2] [T] [thread 2717] [29.0] [cxt 0] Skipping checksum 'cksum' update because condition not met
[06:44:22.689] [bmv2] [D] [thread 2717] [29.0] [cxt 0] Deparsing header 'ethernet'
[06:44:22.689] [bmv2] [D] [thread 2717] [29.0] [cxt 0] Deparser 'deparser': end
[06:44:22.689] [bmv2] [D] [thread 2721] [29.0] [cxt 0] Transmitting packet of size 70 out of port 0
[06:44:32.929] [bmv2] [D] [thread 2716] [30.0] [cxt 0] Processing packet received on port 1
[06:44:32.929] [bmv2] [D] [thread 2716] [30.0] [cxt 0] Parser 'parser': start
[06:44:32.929] [bmv2] [D] [thread 2716] [30.0] [cxt 0] Parser 'parser' entering state 'start'
[06:44:32.929] [bmv2] [D] [thread 2716] [30.0] [cxt 0] Extracting header 'ethernet'
[06:44:32.929] [bmv2] [D] [thread 2716] [30.0] [cxt 0] Parser state 'start': key is 86dd
[06:44:32.929] [bmv2] [T] [thread 2716] [30.0] [cxt 0] Bytes parsed: 14
[06:44:32.929] [bmv2] [D] [thread 2716] [30.0] [cxt 0] Parser 'parser': end
[06:44:32.929] [bmv2] [D] [thread 2716] [30.0] [cxt 0] Pipeline 'ingress': start
[06:44:32.929] [bmv2] [T] [thread 2716] [30.0] [cxt 0] mri.p4(202) Condition "hdr.ipv4.isValid()" (node_2) is false
[06:44:32.929] [bmv2] [D] [thread 2716] [30.0] [cxt 0] Pipeline 'ingress': end
[06:44:32.929] [bmv2] [D] [thread 2716] [30.0] [cxt 0] Egress port is 0
[06:44:32.929] [bmv2] [D] [thread 2716] [31.0] [cxt 0] Processing packet received on port 3
[06:44:32.929] [bmv2] [D] [thread 2716] [31.0] [cxt 0] Parser 'parser': start
[06:44:32.929] [bmv2] [D] [thread 2716] [31.0] [cxt 0] Parser 'parser' entering state 'start'
[06:44:32.929] [bmv2] [D] [thread 2716] [31.0] [cxt 0] Extracting header 'ethernet'
[06:44:32.929] [bmv2] [D] [thread 2716] [31.0] [cxt 0] Parser state 'start': key is 86dd
[06:44:32.929] [bmv2] [T] [thread 2716] [31.0] [cxt 0] Bytes parsed: 14
[06:44:32.929] [bmv2] [D] [thread 2716] [31.0] [cxt 0] Parser 'parser': end
[06:44:32.929] [bmv2] [D] [thread 2716] [31.0] [cxt 0] Pipeline 'ingress': start
[06:44:32.929] [bmv2] [T] [thread 2716] [31.0] [cxt 0] mri.p4(202) Condition "hdr.ipv4.isValid()" (node_2) is false
[06:44:32.929] [bmv2] [D] [thread 2716] [31.0] [cxt 0] Pipeline 'ingress': end
[06:44:32.929] [bmv2] [D] [thread 2716] [31.0] [cxt 0] Egress port is 0
[06:44:32.929] [bmv2] [D] [thread 2717] [30.0] [cxt 0] Pipeline 'egress': start
[06:44:32.930] [bmv2] [T] [thread 2717] [30.0] [cxt 0] mri.p4(251) Condition "hdr.mri.isValid()" (node_6) is false
[06:44:32.930] [bmv2] [D] [thread 2717] [30.0] [cxt 0] Pipeline 'egress': end
[06:44:32.930] [bmv2] [D] [thread 2717] [30.0] [cxt 0] Deparser 'deparser': start
[06:44:32.930] [bmv2] [T] [thread 2717] [30.0] [cxt 0] Skipping checksum 'cksum' update because condition not met
[06:44:32.930] [bmv2] [D] [thread 2717] [30.0] [cxt 0] Deparsing header 'ethernet'
[06:44:32.930] [bmv2] [D] [thread 2717] [30.0] [cxt 0] Deparser 'deparser': end
[06:44:32.930] [bmv2] [D] [thread 2717] [31.0] [cxt 0] Pipeline 'egress': start
[06:44:32.930] [bmv2] [T] [thread 2717] [31.0] [cxt 0] mri.p4(251) Condition "hdr.mri.isValid()" (node_6) is false
[06:44:32.930] [bmv2] [D] [thread 2717] [31.0] [cxt 0] Pipeline 'egress': end
[06:44:32.930] [bmv2] [D] [thread 2717] [31.0] [cxt 0] Deparser 'deparser': start
[06:44:32.930] [bmv2] [T] [thread 2717] [31.0] [cxt 0] Skipping checksum 'cksum' update because condition not met
[06:44:32.930] [bmv2] [D] [thread 2717] [31.0] [cxt 0] Deparsing header 'ethernet'
[06:44:32.930] [bmv2] [D] [thread 2717] [31.0] [cxt 0] Deparser 'deparser': end
[06:44:32.930] [bmv2] [D] [thread 2721] [30.0] [cxt 0] Transmitting packet of size 70 out of port 0
[06:44:32.930] [bmv2] [D] [thread 2721] [31.0] [cxt 0] Transmitting packet of size 70 out of port 0
[06:44:34.976] [bmv2] [D] [thread 2716] [32.0] [cxt 0] Processing packet received on port 2
[06:44:34.976] [bmv2] [D] [thread 2716] [32.0] [cxt 0] Parser 'parser': start
[06:44:34.976] [bmv2] [D] [thread 2716] [32.0] [cxt 0] Parser 'parser' entering state 'start'
[06:44:34.976] [bmv2] [D] [thread 2716] [32.0] [cxt 0] Extracting header 'ethernet'
[06:44:34.976] [bmv2] [D] [thread 2716] [32.0] [cxt 0] Parser state 'start': key is 86dd
[06:44:34.976] [bmv2] [T] [thread 2716] [32.0] [cxt 0] Bytes parsed: 14
[06:44:34.976] [bmv2] [D] [thread 2716] [32.0] [cxt 0] Parser 'parser': end
[06:44:34.976] [bmv2] [D] [thread 2716] [32.0] [cxt 0] Pipeline 'ingress': start
[06:44:34.976] [bmv2] [T] [thread 2716] [32.0] [cxt 0] mri.p4(202) Condition "hdr.ipv4.isValid()" (node_2) is false
[06:44:34.976] [bmv2] [D] [thread 2716] [32.0] [cxt 0] Pipeline 'ingress': end
[06:44:34.976] [bmv2] [D] [thread 2716] [32.0] [cxt 0] Egress port is 0
[06:44:34.977] [bmv2] [D] [thread 2717] [32.0] [cxt 0] Pipeline 'egress': start
[06:44:34.977] [bmv2] [T] [thread 2717] [32.0] [cxt 0] mri.p4(251) Condition "hdr.mri.isValid()" (node_6) is false
[06:44:34.977] [bmv2] [D] [thread 2717] [32.0] [cxt 0] Pipeline 'egress': end
[06:44:34.977] [bmv2] [D] [thread 2717] [32.0] [cxt 0] Deparser 'deparser': start
[06:44:34.977] [bmv2] [T] [thread 2717] [32.0] [cxt 0] Skipping checksum 'cksum' update because condition not met
[06:44:34.977] [bmv2] [D] [thread 2717] [32.0] [cxt 0] Deparsing header 'ethernet'
[06:44:34.977] [bmv2] [D] [thread 2717] [32.0] [cxt 0] Deparser 'deparser': end
[06:44:34.977] [bmv2] [D] [thread 2721] [32.0] [cxt 0] Transmitting packet of size 70 out of port 0
